Started GET "/" for ::1 at 2024-03-17 01:26:47 +0500
  
ActiveRecord::NoDatabaseError (We could not find your database: blogapp_development. Which can be found in the database configuration file located at config/database.yml.

To resolve this issue:

- Did you create the database for this app, or delete it? You may need to create your database.
- Has the database name changed? Check your database.yml config has the correct database name.

To create your database, run:

        bin/rails db:create
):
  
activerecord (7.0.8) lib/active_record/connection_adapters/postgresql_adapter.rb:81:in `rescue in new_client'
activerecord (7.0.8) lib/active_record/connection_adapters/postgresql_adapter.rb:77:in `new_client'
activerecord (7.0.8) lib/active_record/connection_adapters/postgresql_adapter.rb:37:in `postgresql_connection'
activerecord (7.0.8) lib/active_record/connection_adapters/abstract/connection_pool.rb:656:in `public_send'
activerecord (7.0.8) lib/active_record/connection_adapters/abstract/connection_pool.rb:656:in `new_connection'
activerecord (7.0.8) lib/active_record/connection_adapters/abstract/connection_pool.rb:700:in `checkout_new_connection'
activerecord (7.0.8) lib/active_record/connection_adapters/abstract/connection_pool.rb:679:in `try_to_checkout_new_connection'
activerecord (7.0.8) lib/active_record/connection_adapters/abstract/connection_pool.rb:640:in `acquire_connection'
activerecord (7.0.8) lib/active_record/connection_adapters/abstract/connection_pool.rb:341:in `checkout'
activerecord (7.0.8) lib/active_record/connection_adapters/abstract/connection_pool.rb:181:in `connection'
activerecord (7.0.8) lib/active_record/connection_adapters/abstract/connection_handler.rb:211:in `retrieve_connection'
activerecord (7.0.8) lib/active_record/connection_handling.rb:313:in `retrieve_connection'
activerecord (7.0.8) lib/active_record/connection_handling.rb:280:in `connection'
activerecord (7.0.8) lib/active_record/migration.rb:648:in `connection'
activerecord (7.0.8) lib/active_record/migration.rb:643:in `build_watcher'
activerecord (7.0.8) lib/active_record/migration.rb:625:in `block in call'
activerecord (7.0.8) lib/active_record/migration.rb:624:in `synchronize'
activerecord (7.0.8) lib/active_record/migration.rb:624:in `call'
actionpack (7.0.8) lib/action_dispatch/middleware/callbacks.rb:27:in `block in call'
activesupport (7.0.8) lib/active_support/callbacks.rb:99:in `run_callbacks'
actionpack (7.0.8) lib/action_dispatch/middleware/callbacks.rb:26:in `call'
actionpack (7.0.8) lib/action_dispatch/middleware/executor.rb:14:in `call'
actionpack (7.0.8) lib/action_dispatch/middleware/actionable_exceptions.rb:17:in `call'
actionpack (7.0.8) lib/action_dispatch/middleware/debug_exceptions.rb:28:in `call'
web-console (4.2.1) lib/web_console/middleware.rb:132:in `call_app'
web-console (4.2.1) lib/web_console/middleware.rb:28:in `block in call'
web-console (4.2.1) lib/web_console/middleware.rb:17:in `catch'
web-console (4.2.1) lib/web_console/middleware.rb:17:in `call'
actionpack (7.0.8) lib/action_dispatch/middleware/show_exceptions.rb:29:in `call'
railties (7.0.8) lib/rails/rack/logger.rb:40:in `call_app'
railties (7.0.8) lib/rails/rack/logger.rb:25:in `block in call'
activesupport (7.0.8) lib/active_support/tagged_logging.rb:99:in `block in tagged'
activesupport (7.0.8) lib/active_support/tagged_logging.rb:37:in `tagged'
activesupport (7.0.8) lib/active_support/tagged_logging.rb:99:in `tagged'
railties (7.0.8) lib/rails/rack/logger.rb:25:in `call'
sprockets-rails (3.4.2) lib/sprockets/rails/quiet_assets.rb:13:in `call'
actionpack (7.0.8) lib/action_dispatch/middleware/remote_ip.rb:93:in `call'
actionpack (7.0.8) lib/action_dispatch/middleware/request_id.rb:26:in `call'
rack (2.2.8) lib/rack/method_override.rb:24:in `call'
rack (2.2.8) lib/rack/runtime.rb:22:in `call'
activesupport (7.0.8) lib/active_support/cache/strategy/local_cache_middleware.rb:29:in `call'
actionpack (7.0.8) lib/action_dispatch/middleware/server_timing.rb:61:in `block in call'
actionpack (7.0.8) lib/action_dispatch/middleware/server_timing.rb:26:in `collect_events'
actionpack (7.0.8) lib/action_dispatch/middleware/server_timing.rb:60:in `call'
actionpack (7.0.8) lib/action_dispatch/middleware/executor.rb:14:in `call'
actionpack (7.0.8) lib/action_dispatch/middleware/static.rb:23:in `call'
rack (2.2.8) lib/rack/sendfile.rb:110:in `call'
actionpack (7.0.8) lib/action_dispatch/middleware/host_authorization.rb:138:in `call'
railties (7.0.8) lib/rails/engine.rb:530:in `call'
puma (5.6.8) lib/puma/configuration.rb:252:in `call'
puma (5.6.8) lib/puma/request.rb:77:in `block in handle_request'
puma (5.6.8) lib/puma/thread_pool.rb:340:in `with_force_shutdown'
puma (5.6.8) lib/puma/request.rb:76:in `handle_request'
puma (5.6.8) lib/puma/server.rb:443:in `process_client'
puma (5.6.8) lib/puma/thread_pool.rb:147:in `block in spawn_thread'
  [1m[35m (263.5ms)[0m  [1m[35mCREATE DATABASE "blogapp_development" ENCODING = 'unicode'[0m
  [1m[35m (122.1ms)[0m  [1m[35mCREATE DATABASE "blogapp_test" ENCODING = 'unicode'[0m
  [1m[35m (48.1ms)[0m  [1m[35mCREATE TABLE "schema_migrations" ("version" character varying NOT NULL PRIMARY KEY)[0m
  [1m[35m (45.5ms)[0m  [1m[35mCREATE TABLE "ar_internal_metadata" ("key" character varying NOT NULL PRIMARY KEY, "value" character varying, "created_at" timestamp(6) NOT NULL, "updated_at" timestamp(6) NOT NULL)[0m
  [1m[35m (0.2ms)[0m  [1m[34mSELECT pg_try_advisory_lock(42787528897884960)[0m
  [1m[36mActiveRecord::SchemaMigration Pluck (0.4ms)[0m  [1m[34mSELECT "schema_migrations"."version" FROM "schema_migrations" ORDER BY "schema_migrations"."version" ASC[0m
Migrating to DeviseCreateUsers (20240213194238)
  [1m[36mTRANSACTION (0.2ms)[0m  [1m[35mBEGIN[0m
  [1m[35m (44.7ms)[0m  [1m[35mCREATE TABLE "users" ("id" bigserial primary key, "email" character varying DEFAULT '' NOT NULL, "encrypted_password" character varying DEFAULT '' NOT NULL, "reset_password_token" character varying, "reset_password_sent_at" timestamp(6), "remember_created_at" timestamp(6), "created_at" timestamp(6) NOT NULL, "updated_at" timestamp(6) NOT NULL)[0m
  [1m[35m (1.1ms)[0m  [1m[35mCREATE UNIQUE INDEX "index_users_on_email" ON "users" ("email")[0m
  [1m[35m (0.8ms)[0m  [1m[35mCREATE UNIQUE INDEX "index_users_on_reset_password_token" ON "users" ("reset_password_token")[0m
  [1m[36mActiveRecord::SchemaMigration Create (0.4ms)[0m  [1m[32mINSERT INTO "schema_migrations" ("version") VALUES ($1) RETURNING "version"[0m  [["version", "20240213194238"]]
  [1m[36mTRANSACTION (40.6ms)[0m  [1m[35mCOMMIT[0m
Migrating to CreateBlogs (20240213194340)
  [1m[36mTRANSACTION (40.5ms)[0m  [1m[35mBEGIN[0m
  [1m[35m (6.1ms)[0m  [1m[35mCREATE TABLE "blogs" ("id" bigserial primary key, "title" character varying, "body" text, "user_id" bigint NOT NULL, "created_at" timestamp(6) NOT NULL, "updated_at" timestamp(6) NOT NULL, CONSTRAINT "fk_rails_40ebb3948d"
FOREIGN KEY ("user_id")
  REFERENCES "users" ("id")
)[0m
  [1m[35m (1.0ms)[0m  [1m[35mCREATE INDEX "index_blogs_on_user_id" ON "blogs" ("user_id")[0m
  [1m[36mActiveRecord::SchemaMigration Create (0.2ms)[0m  [1m[32mINSERT INTO "schema_migrations" ("version") VALUES ($1) RETURNING "version"[0m  [["version", "20240213194340"]]
  [1m[36mTRANSACTION (29.8ms)[0m  [1m[35mCOMMIT[0m
  [1m[36mActiveRecord::InternalMetadata Load (0.5ms)[0m  [1m[34mSELECT "ar_internal_metadata".* FROM "ar_internal_metadata" WHERE "ar_internal_metadata"."key" = $1 LIMIT $2[0m  [["key", "environment"], ["LIMIT", 1]]
  [1m[36mTRANSACTION (0.2ms)[0m  [1m[35mBEGIN[0m
  [1m[36mActiveRecord::InternalMetadata Create (0.5ms)[0m  [1m[32mINSERT INTO "ar_internal_metadata" ("key", "value", "created_at", "updated_at") VALUES ($1, $2, $3, $4) RETURNING "key"[0m  [["key", "environment"], ["value", "development"], ["created_at", "2024-03-16 20:27:43.648395"], ["updated_at", "2024-03-16 20:27:43.648395"]]
  [1m[36mTRANSACTION (40.2ms)[0m  [1m[35mCOMMIT[0m
  [1m[35m (0.4ms)[0m  [1m[34mSELECT pg_advisory_unlock(42787528897884960)[0m
  [1m[36mActiveRecord::SchemaMigration Pluck (0.5ms)[0m  [1m[34mSELECT "schema_migrations"."version" FROM "schema_migrations" ORDER BY "schema_migrations"."version" ASC[0m
  [1m[36mActiveRecord::SchemaMigration Pluck (0.5ms)[0m  [1m[34mSELECT "schema_migrations"."version" FROM "schema_migrations" ORDER BY "schema_migrations"."version" ASC[0m
Started GET "/" for ::1 at 2024-03-17 01:28:05 +0500
  [1m[36mActiveRecord::SchemaMigration Pluck (1.3ms)[0m  [1m[34mSELECT "schema_migrations"."version" FROM "schema_migrations" ORDER BY "schema_migrations"."version" ASC[0m
Processing by BlogsController#index as HTML
Completed 401 Unauthorized in 17ms (ActiveRecord: 0.0ms | Allocations: 5913)


Started GET "/users/sign_in" for ::1 at 2024-03-17 01:28:05 +0500
Processing by Devise::SessionsController#new as HTML
  Rendering layout layouts/application.html.erb
  Rendering /Users/apple/.rvm/gems/ruby-3.0.0/gems/devise-4.9.3/app/views/devise/sessions/new.html.erb within layouts/application
  Rendered /Users/apple/.rvm/gems/ruby-3.0.0/gems/devise-4.9.3/app/views/devise/shared/_links.html.erb (Duration: 2.0ms | Allocations: 936)
  Rendered /Users/apple/.rvm/gems/ruby-3.0.0/gems/devise-4.9.3/app/views/devise/sessions/new.html.erb within layouts/application (Duration: 15.7ms | Allocations: 4738)
  Rendered layout layouts/application.html.erb (Duration: 31.7ms | Allocations: 7741)
Completed 500 Internal Server Error in 52ms (ActiveRecord: 3.8ms | Allocations: 27017)


  
ActionView::Template::Error (The asset "application.css" is not present in the asset pipeline.
):
     6:     <%= csrf_meta_tags %>
     7:     <%= csp_meta_tag %>
     8: 
     9:     <%= stylesheet_link_tag "application", "data-turbo-track": "reload" %>
    10:     <%= javascript_include_tag "application", "data-turbo-track": "reload", type: "module" %>
    11:   </head>
    12: 
  
app/views/layouts/application.html.erb:9
Started GET "/users/sign_in" for ::1 at 2024-03-17 01:28:14 +0500
Processing by Devise::SessionsController#new as HTML
  Rendering layout layouts/application.html.erb
  Rendering /Users/apple/.rvm/gems/ruby-3.0.0/gems/devise-4.9.3/app/views/devise/sessions/new.html.erb within layouts/application
  Rendered /Users/apple/.rvm/gems/ruby-3.0.0/gems/devise-4.9.3/app/views/devise/shared/_links.html.erb (Duration: 0.2ms | Allocations: 138)
  Rendered /Users/apple/.rvm/gems/ruby-3.0.0/gems/devise-4.9.3/app/views/devise/sessions/new.html.erb within layouts/application (Duration: 2.3ms | Allocations: 1238)
  Rendered layout layouts/application.html.erb (Duration: 4.1ms | Allocations: 3421)
Completed 500 Internal Server Error in 5ms (ActiveRecord: 0.0ms | Allocations: 4063)


  
ActionView::Template::Error (The asset "application.css" is not present in the asset pipeline.
):
     6:     <%= csrf_meta_tags %>
     7:     <%= csp_meta_tag %>
     8: 
     9:     <%= stylesheet_link_tag "application", "data-turbo-track": "reload" %>
    10:     <%= javascript_include_tag "application", "data-turbo-track": "reload", type: "module" %>
    11:   </head>
    12: 
  
app/views/layouts/application.html.erb:9
Started GET "/users/sign_in" for ::1 at 2024-03-17 01:29:18 +0500
Processing by Devise::SessionsController#new as HTML
  Rendering layout layouts/application.html.erb
  Rendering /Users/apple/.rvm/gems/ruby-3.0.0/gems/devise-4.9.3/app/views/devise/sessions/new.html.erb within layouts/application
  Rendered /Users/apple/.rvm/gems/ruby-3.0.0/gems/devise-4.9.3/app/views/devise/shared/_links.html.erb (Duration: 1.1ms | Allocations: 608)
  Rendered /Users/apple/.rvm/gems/ruby-3.0.0/gems/devise-4.9.3/app/views/devise/sessions/new.html.erb within layouts/application (Duration: 3.5ms | Allocations: 2216)
  Rendered layout layouts/application.html.erb (Duration: 5.1ms | Allocations: 3427)
Completed 200 OK in 9ms (Views: 7.5ms | ActiveRecord: 0.0ms | Allocations: 5166)


Started GET "/users/sign_in" for ::1 at 2024-03-17 01:30:53 +0500
Processing by Devise::SessionsController#new as HTML
  Rendering layout layouts/application.html.erb
  Rendering /Users/apple/.rvm/gems/ruby-3.0.0/gems/devise-4.9.3/app/views/devise/sessions/new.html.erb within layouts/application
  Rendered /Users/apple/.rvm/gems/ruby-3.0.0/gems/devise-4.9.3/app/views/devise/shared/_links.html.erb (Duration: 0.3ms | Allocations: 138)
  Rendered /Users/apple/.rvm/gems/ruby-3.0.0/gems/devise-4.9.3/app/views/devise/sessions/new.html.erb within layouts/application (Duration: 1.6ms | Allocations: 1232)
  Rendered layout layouts/application.html.erb (Duration: 2.2ms | Allocations: 1707)
Completed 200 OK in 3ms (Views: 2.7ms | ActiveRecord: 0.0ms | Allocations: 2386)


Started GET "/users/sign_in" for ::1 at 2024-03-17 01:31:03 +0500
Processing by Devise::SessionsController#new as HTML
  Rendering layout layouts/application.html.erb
  Rendering /Users/apple/.rvm/gems/ruby-3.0.0/gems/devise-4.9.3/app/views/devise/sessions/new.html.erb within layouts/application
  Rendered /Users/apple/.rvm/gems/ruby-3.0.0/gems/devise-4.9.3/app/views/devise/shared/_links.html.erb (Duration: 0.9ms | Allocations: 608)
  Rendered /Users/apple/.rvm/gems/ruby-3.0.0/gems/devise-4.9.3/app/views/devise/sessions/new.html.erb within layouts/application (Duration: 3.5ms | Allocations: 2211)
  Rendered layout layouts/application.html.erb (Duration: 65.9ms | Allocations: 24496)
Completed 200 OK in 69ms (Views: 68.1ms | ActiveRecord: 0.0ms | Allocations: 26223)


Started GET "/users/password/new" for ::1 at 2024-03-17 01:32:04 +0500
Processing by Devise::PasswordsController#new as HTML
  Rendering layout layouts/application.html.erb
  Rendering /Users/apple/.rvm/gems/ruby-3.0.0/gems/devise-4.9.3/app/views/devise/passwords/new.html.erb within layouts/application
  Rendered /Users/apple/.rvm/gems/ruby-3.0.0/gems/devise-4.9.3/app/views/devise/shared/_error_messages.html.erb (Duration: 1.2ms | Allocations: 255)
  Rendered /Users/apple/.rvm/gems/ruby-3.0.0/gems/devise-4.9.3/app/views/devise/shared/_links.html.erb (Duration: 0.5ms | Allocations: 303)
  Rendered /Users/apple/.rvm/gems/ruby-3.0.0/gems/devise-4.9.3/app/views/devise/passwords/new.html.erb within layouts/application (Duration: 4.2ms | Allocations: 1783)
  Rendered layout layouts/application.html.erb (Duration: 8.0ms | Allocations: 4521)
Completed 200 OK in 11ms (Views: 9.5ms | ActiveRecord: 0.0ms | Allocations: 5812)


Started GET "/users/sign_up" for ::1 at 2024-03-17 01:32:08 +0500
Processing by Devise::RegistrationsController#new as HTML
  Rendering layout layouts/application.html.erb
  Rendering /Users/apple/.rvm/gems/ruby-3.0.0/gems/devise-4.9.3/app/views/devise/registrations/new.html.erb within layouts/application
  Rendered /Users/apple/.rvm/gems/ruby-3.0.0/gems/devise-4.9.3/app/views/devise/shared/_error_messages.html.erb (Duration: 0.0ms | Allocations: 15)
  Rendered /Users/apple/.rvm/gems/ruby-3.0.0/gems/devise-4.9.3/app/views/devise/shared/_links.html.erb (Duration: 0.1ms | Allocations: 98)
  Rendered /Users/apple/.rvm/gems/ruby-3.0.0/gems/devise-4.9.3/app/views/devise/registrations/new.html.erb within layouts/application (Duration: 2.7ms | Allocations: 1883)
  Rendered layout layouts/application.html.erb (Duration: 5.9ms | Allocations: 4617)
Completed 200 OK in 9ms (Views: 8.1ms | ActiveRecord: 0.0ms | Allocations: 5942)


Started POST "/users" for ::1 at 2024-03-17 01:32:27 +0500
Processing by Devise::RegistrationsController#create as TURBO_STREAM
  Parameters: {"authenticity_token"=>"[FILTERED]", "user"=>{"email"=>"ahmarabdullah855@gmail.com", "password"=>"[FILTERED]", "password_confirmation"=>"[FILTERED]"}, "commit"=>"Sign up"}
  [1m[36mTRANSACTION (0.1ms)[0m  [1m[35mBEGIN[0m
  [1m[36mUser Exists? (43.0ms)[0m  [1m[34mSELECT 1 AS one FROM "users" WHERE "users"."email" = $1 LIMIT $2[0m  [["email", "ahmarabdullah855@gmail.com"], ["LIMIT", 1]]
  [1m[36mUser Create (0.7ms)[0m  [1m[32mINSERT INTO "users" ("email", "encrypted_password", "reset_password_token", "reset_password_sent_at", "remember_created_at", "created_at", "updated_at") VALUES ($1, $2, $3, $4, $5, $6, $7) RETURNING "id"[0m  [["email", "ahmarabdullah855@gmail.com"], ["encrypted_password", "[FILTERED]"], ["reset_password_token", "[FILTERED]"], ["reset_password_sent_at", "[FILTERED]"], ["remember_created_at", nil], ["created_at", "2024-03-16 20:32:28.990546"], ["updated_at", "2024-03-16 20:32:28.990546"]]
  [1m[36mTRANSACTION (0.4ms)[0m  [1m[35mCOMMIT[0m
Redirected to http://localhost:3000/
Completed 303 See Other in 1379ms (ActiveRecord: 44.2ms | Allocations: 10559)


Started GET "/" for ::1 at 2024-03-17 01:32:29 +0500
Processing by BlogsController#index as TURBO_STREAM
  [1m[36mUser Load (0.3ms)[0m  [1m[34mSELECT "users".* FROM "users" WHERE "users"."id" = $1 ORDER BY "users"."id" ASC LIMIT $2[0m  [["id", 1], ["LIMIT", 1]]
  [1m[36mBlog Count (47.8ms)[0m  [1m[34mSELECT COUNT(*) FROM "blogs" WHERE "blogs"."user_id" = $1[0m  [["user_id", 1]]
  ↳ app/controllers/blogs_controller.rb:9:in `index'
  Rendering layout layouts/application.html.erb
  Rendering blogs/index.html.erb within layouts/application
  [1m[36mBlog Load (0.2ms)[0m  [1m[34mSELECT "blogs".* FROM "blogs" WHERE "blogs"."user_id" = $1 LIMIT $2 OFFSET $3[0m  [["user_id", 1], ["LIMIT", 20], ["OFFSET", 0]]
  ↳ app/views/blogs/index.html.erb:18
  Rendered blogs/index.html.erb within layouts/application (Duration: 2.9ms | Allocations: 1006)
  Rendered layout layouts/application.html.erb (Duration: 7.0ms | Allocations: 3938)
Completed 200 OK in 94ms (Views: 9.0ms | ActiveRecord: 50.0ms | Allocations: 16117)


Started GET "/blogs/new" for ::1 at 2024-03-17 01:32:35 +0500
Processing by BlogsController#new as HTML
  [1m[36mUser Load (0.2ms)[0m  [1m[34mSELECT "users".* FROM "users" WHERE "users"."id" = $1 ORDER BY "users"."id" ASC LIMIT $2[0m  [["id", 1], ["LIMIT", 1]]
  Rendering layout layouts/application.html.erb
  Rendering blogs/new.html.erb within layouts/application
  Rendered blogs/_form.html.erb (Duration: 3.2ms | Allocations: 1105)
  Rendered blogs/new.html.erb within layouts/application (Duration: 4.3ms | Allocations: 1427)
  Rendered layout layouts/application.html.erb (Duration: 7.5ms | Allocations: 4178)
Completed 200 OK in 33ms (Views: 8.2ms | ActiveRecord: 1.5ms | Allocations: 23309)


Started GET "/blogs/new" for ::1 at 2024-03-17 01:33:49 +0500
Processing by BlogsController#new as HTML
  [1m[36mUser Load (0.3ms)[0m  [1m[34mSELECT "users".* FROM "users" WHERE "users"."id" = $1 ORDER BY "users"."id" ASC LIMIT $2[0m  [["id", 1], ["LIMIT", 1]]
  Rendering layout layouts/application.html.erb
  Rendering blogs/new.html.erb within layouts/application
  Rendered blogs/_form.html.erb (Duration: 0.7ms | Allocations: 431)
  Rendered blogs/new.html.erb within layouts/application (Duration: 0.9ms | Allocations: 516)
  Rendered layout layouts/application.html.erb (Duration: 5.4ms | Allocations: 3267)
Completed 200 OK in 9ms (Views: 5.9ms | ActiveRecord: 0.3ms | Allocations: 4940)


Started GET "/employees" for ::1 at 2024-03-17 01:46:39 +0500
Processing by EmployeesController#index as HTML
  [1m[36mUser Load (0.4ms)[0m  [1m[34mSELECT "users".* FROM "users" WHERE "users"."id" = $1 ORDER BY "users"."id" ASC LIMIT $2[0m  [["id", 1], ["LIMIT", 1]]
  Rendering layout layouts/application.html.erb
  Rendering employees/index.html.erb within layouts/application
  Rendered employees/index.html.erb within layouts/application (Duration: 2.7ms | Allocations: 2167)
  Rendered layout layouts/application.html.erb (Duration: 7.4ms | Allocations: 5040)
Completed 200 OK in 3108ms (Views: 10.2ms | ActiveRecord: 49.7ms | Allocations: 15827)


